TN:
SF:/Users/solal/Developer/emitter/src/main.js
FN:8,(anonymous_0)
FN:18,(anonymous_1)
FN:21,(anonymous_2)
FN:36,(anonymous_3)
FN:39,(anonymous_4)
FN:41,(anonymous_5)
FN:56,(anonymous_6)
FN:57,(anonymous_7)
FN:72,(anonymous_8)
FN:73,(anonymous_9)
FN:74,(anonymous_10)
FN:74,(anonymous_11)
FN:75,(anonymous_12)
FN:76,(anonymous_13)
FN:93,(anonymous_14)
FN:95,(anonymous_15)
FN:114,(anonymous_16)
FN:116,(anonymous_17)
FNF:18
FNH:18
FNDA:4,(anonymous_0)
FNDA:15,(anonymous_1)
FNDA:8,(anonymous_2)
FNDA:10,(anonymous_3)
FNDA:11,(anonymous_4)
FNDA:12,(anonymous_5)
FNDA:3,(anonymous_6)
FNDA:3,(anonymous_7)
FNDA:1,(anonymous_8)
FNDA:2,(anonymous_9)
FNDA:2,(anonymous_10)
FNDA:4,(anonymous_11)
FNDA:2,(anonymous_12)
FNDA:2,(anonymous_13)
FNDA:11,(anonymous_14)
FNDA:13,(anonymous_15)
FNDA:5,(anonymous_16)
FNDA:6,(anonymous_17)
DA:6,1
DA:9,4
DA:19,15
DA:20,15
DA:21,14
DA:22,8
DA:23,2
DA:27,15
DA:37,10
DA:39,10
DA:40,11
DA:41,10
DA:42,12
DA:47,10
DA:57,3
DA:58,3
DA:59,3
DA:61,3
DA:63,3
DA:73,2
DA:74,4
DA:75,1
DA:76,2
DA:77,2
DA:78,2
DA:79,1
DA:84,1
DA:94,11
DA:95,11
DA:96,13
DA:97,8
DA:100,13
DA:101,12
DA:105,11
DA:115,5
DA:116,4
DA:117,6
DA:118,4
DA:123,5
LF:39
LH:39
BRDA:20,0,0,14
BRDA:20,0,1,1
BRDA:22,1,0,2
BRDA:22,1,1,6
BRDA:36,2,0,10
BRDA:37,3,0,1
BRDA:37,3,1,9
BRDA:40,4,0,10
BRDA:40,4,1,1
BRDA:74,5,0,1
BRDA:74,5,1,1
BRDA:78,6,0,1
BRDA:78,6,1,1
BRDA:94,7,0,2
BRDA:94,7,1,9
BRDA:96,8,0,8
BRDA:96,8,1,5
BRDA:100,9,0,12
BRDA:100,9,1,1
BRDA:100,10,0,13
BRDA:100,10,1,13
BRDA:115,11,0,4
BRDA:115,11,1,1
BRDA:117,12,0,4
BRDA:117,12,1,2
BRF:25
BRH:25
end_of_record
